
APPLYING CUT 1: 
**************************
Mmiss cut	[170,500]



-----------------------
SDM-signal
Events: 4194.57379776/4199.72093511
Efficiency:  0.998774409674


-----------------------
FDM-signal
Events: 36632.7642468/36707.6441868
Efficiency:  0.997960099547


-----------------------
BW1
Events: 56112.796992/637984.869312
Efficiency:  0.087953178345


-----------------------
BW2+BW3-SDM
Events: 26.9665157502/27.2178502452
Efficiency:  0.990765821226


-----------------------
BW2+BW3-FDM
Events: 2.49857375568/2.54764694196
Efficiency:  0.98073783872


-----------------------
BW4
Events: 141.61843413/201.354604905
Efficiency:  0.703328509407

APPLYING CUT 2: 
**************************
Ejj cut	[0,200]



-----------------------
SDM-signal
Events: 4194.57379776/4194.57379776
Efficiency:  1.0


-----------------------
FDM-signal
Events: 36632.7642468/36632.7642468
Efficiency:  1.0


-----------------------
BW1
Events: 46570.509888/56112.796992
Efficiency:  0.829944547135


-----------------------
BW2+BW3-SDM
Events: 26.8838546274/26.9665157502
Efficiency:  0.996934675448


-----------------------
BW2+BW3-FDM
Events: 2.46779904564/2.49857375568
Efficiency:  0.987683089214


-----------------------
BW4
Events: 129.57406799/141.61843413
Efficiency:  0.914951989026



~~~~~~~~~~~~~~~~~~~~~~~~~~
TOTAL: 

SDM-signal: 
	Events: 4194.57379776/4199.72093511
	Efficiency: 0.998774409674

FDM-signal: 
	Events: 36632.7642468/36707.6441868
	Efficiency: 0.997960099547

BW1: 
	Events: 46570.509888/637984.869312
	Efficiency: 0.0729962607706

BW2+BW3-SDM: 
	Events: 26.8838546274/27.2178502452
	Efficiency: 0.98772880243

BW2+BW3-FDM: 
	Events: 2.46779904564/2.54764694196
	Efficiency: 0.968658178257

BW4: 
	Events: 129.57406799/201.354604905
	Efficiency: 0.64351181862

~~~~~~~~~~~~~~~~~~~~~~~~~~



SIGNIFICANCES: 
SDM-signal: 
		s/sqrt(s+b): 18.5881885053
FDM-signal: 
		s/sqrt(s+b): 126.898108222
