
APPLYING CUT 1: 
**************************
Mmiss cut	[170,500]




	SDM-signal
	-----------------------
	Events    : 2098.31632635/2100.20361004
	Xsec [fb] : 4.1966326527/4.20040722009
	Efficiency:  0.999101380606



	FDM-signal
	-----------------------
	Events    : 18245.2461804/18279.6909528
	Xsec [fb] : 36.4904923608/36.5593819056
	Efficiency:  0.998115680813



	BW1
	-----------------------
	Events    : 27226.6344/313339.666752
	Xsec [fb] : 54.4532688/626.679333504
	Efficiency:  0.0868917576961



	BW2+BW3-SDM
	-----------------------
	Events    : 13.5977547006/13.6848839922
	Xsec [fb] : 0.0271955094012/0.0273697679844
	Efficiency:  0.993633172802



	BW2+BW3-FDM
	-----------------------
	Events    : 1.25750039842/1.27112028699
	Xsec [fb] : 0.00251500079685/0.00254224057398
	Efficiency:  0.989285130051



	BW4
	-----------------------
	Events    : 232.242576135/330.63727694
	Xsec [fb] : 0.46448515227/0.66127455388
	Efficiency:  0.70240893067

APPLYING CUT 2: 
**************************
Ejj cut	[0,200]




	SDM-signal
	-----------------------
	Events    : 2098.31632635/2098.31632635
	Xsec [fb] : 4.1966326527/4.1966326527
	Efficiency:  1.0



	FDM-signal
	-----------------------
	Events    : 18245.2461804/18245.2461804
	Xsec [fb] : 36.4904923608/36.4904923608
	Efficiency:  1.0



	BW1
	-----------------------
	Events    : 22740.722256/27226.6344
	Xsec [fb] : 45.481444512/54.4532688
	Efficiency:  0.835238095238



	BW2+BW3-SDM
	-----------------------
	Events    : 13.5977547006/13.5977547006
	Xsec [fb] : 0.0271955094012/0.0271955094012
	Efficiency:  1.0



	BW2+BW3-FDM
	-----------------------
	Events    : 1.25750039842/1.25750039842
	Xsec [fb] : 0.00251500079685/0.00251500079685
	Efficiency:  1.0



	BW4
	-----------------------
	Events    : 214.27315891/232.242576135
	Xsec [fb] : 0.42854631782/0.46448515227
	Efficiency:  0.922626516102



~~~~~~~~~~~~~~~~~~~~~~~~~~
TOTALS: 

SDM-signal: 
	Events: 2098.31632635/2100.20361004
	Efficiency: 0.999101380606

FDM-signal: 
	Events: 18245.2461804/18279.6909528
	Efficiency: 0.998115680813

BW1: 
	Events: 22740.722256/313339.666752
	Efficiency: 0.07257530619

BW2+BW3-SDM: 
	Events: 13.5977547006/13.6848839922
	Efficiency: 0.993633172802

BW2+BW3-FDM: 
	Events: 1.25750039842/1.27112028699
	Efficiency: 0.989285130051

BW4: 
	Events: 214.27315891/330.63727694
	Efficiency: 0.648061104583

~~~~~~~~~~~~~~~~~~~~~~~~~~



############################################################

SIGNIFICANCES: 
SDM-signal: 
		Signal efficiency: 6.67196397338
		Background efficiency: 6.67196397338
		s/sqrt(s+b): 13.2531942454
FDM-signal: 
		Signal efficiency: 6.67196397338
		Background efficiency: 6.67196397338
		s/sqrt(s+b): 89.886240967
