
APPLYING CUT 1: 
**************************
Mmiss cut	[170,500]



-----------------------
SDM-signal
Events: 2213.26904185/2213.26904185
Efficiency:  1.0


-----------------------
FDM-signal
Events: 16773.1058598/16773.1058598
Efficiency:  1.0


-----------------------
BW1
Events: 57046.2818146/305975.511551
Efficiency:  0.186440677966


-----------------------
BW2+BW3-SDM
Events: 14.186435852/14.186435852
Efficiency:  1.0


-----------------------
BW2+BW3-FDM
Events: 1.24762336782/1.25802022922
Efficiency:  0.99173553719


-----------------------
BW4
Events: 271.969545633/417.667516507
Efficiency:  0.651162790698

APPLYING CUT 2: 
**************************
Ejj cut	[0,200]



-----------------------
SDM-signal
Events: 2213.26904185/2213.26904185
Efficiency:  1.0


-----------------------
FDM-signal
Events: 16773.1058598/16773.1058598
Efficiency:  1.0


-----------------------
BW1
Events: 44081.2177658/57046.2818146
Efficiency:  0.772727272727


-----------------------
BW2+BW3-SDM
Events: 14.186435852/14.186435852
Efficiency:  1.0


-----------------------
BW2+BW3-FDM
Events: 1.23722650642/1.24762336782
Efficiency:  0.991666666667


-----------------------
BW4
Events: 242.829951458/271.969545633
Efficiency:  0.892857142857



~~~~~~~~~~~~~~~~~~~~~~~~~~
TOTAL: 

SDM-signal: 
	Events: 2213.26904185/2213.26904185
	Efficiency: 1.0

FDM-signal: 
	Events: 16773.1058598/16773.1058598
	Efficiency: 1.0

BW1: 
	Events: 44081.2177658/305975.511551
	Efficiency: 0.14406779661

BW2+BW3-SDM: 
	Events: 14.186435852/14.186435852
	Efficiency: 1.0

BW2+BW3-FDM: 
	Events: 1.23722650642/1.25802022922
	Efficiency: 0.98347107438

BW4: 
	Events: 242.829951458/417.667516507
	Efficiency: 0.581395348837

~~~~~~~~~~~~~~~~~~~~~~~~~~



SIGNIFICANCES: 
SDM-signal: 
		s/sqrt(s+b): 10.2581100683
FDM-signal: 
		s/sqrt(s+b): 67.8576166479

APPLYING CUT 1: 
**************************
Mmiss cut	[170,500]



-----------------------
SDM-signal
Events: 2213.26904185/2213.26904185
Efficiency:  1.0


-----------------------
FDM-signal
Events: 16773.1058598/16773.1058598
Efficiency:  1.0


-----------------------
BW1
Events: 57046.2818146/305975.511551
Efficiency:  0.186440677966


-----------------------
BW2+BW3-SDM
Events: 14.186435852/14.186435852
Efficiency:  1.0


-----------------------
BW2+BW3-FDM
Events: 1.24762336782/1.25802022922
Efficiency:  0.99173553719


-----------------------
BW4
Events: 271.969545633/417.667516507
Efficiency:  0.651162790698

APPLYING CUT 1: 
**************************
Mmiss cut	[170,500]



-----------------------
SDM-signal
Events: 2095.13253941/2098.21474984
Efficiency:  0.99853103195


-----------------------
FDM-signal
Events: 17922.1298789/17962.284016
Efficiency:  0.997764530551


-----------------------
BW1
Events: 69859.161964/297413.623446
Efficiency:  0.234888910449


-----------------------
BW2+BW3-SDM
Events: 12.2925371142/12.359419823
Efficiency:  0.994588523586


-----------------------
BW2+BW3-FDM
Events: 1.14855790631/1.16073674219
Efficiency:  0.989507667474


-----------------------
BW4
Events: 240.829433857/408.982529687
Efficiency:  0.588850174216

APPLYING CUT 2: 
**************************
Ejj cut	[0,200]



-----------------------
SDM-signal
Events: 2094.7472631/2095.13253941
Efficiency:  0.999816108864


-----------------------
FDM-signal
Events: 17917.1106117/17922.1298789
Efficiency:  0.999719940254


-----------------------
BW1
Events: 57595.5750848/69859.161964
Efficiency:  0.824452705494


-----------------------
BW2+BW3-SDM
Events: 12.2660364182/12.2925371142
Efficiency:  0.997844163844


-----------------------
BW2+BW3-FDM
Events: 1.14164875904/1.14855790631
Efficiency:  0.993984502447


-----------------------
BW4
Events: 198.297881588/240.829433857
Efficiency:  0.823395539372



~~~~~~~~~~~~~~~~~~~~~~~~~~
TOTAL: 

SDM-signal: 
	Events: 2094.7472631/2098.21474984
	Efficiency: 0.998347410944

FDM-signal: 
	Events: 17917.1106117/17962.284016
	Efficiency: 0.99748509687

BW1: 
	Events: 57595.5750848/297413.623446
	Efficiency: 0.19365479771

BW2+BW3-SDM: 
	Events: 12.2660364182/12.359419823
	Efficiency: 0.992444353686

BW2+BW3-FDM: 
	Events: 1.14164875904/1.16073674219
	Efficiency: 0.983555286521

BW4: 
	Events: 198.297881588/408.982529687
	Efficiency: 0.484856606808

~~~~~~~~~~~~~~~~~~~~~~~~~~



SIGNIFICANCES: 
SDM-signal: 
		s/sqrt(s+b): 8.55884196951
FDM-signal: 
		s/sqrt(s+b): 65.1156314402
