
APPLYING CUT 1: 
**************************
Mmiss cut	[170,500]



-----------------------
SDM-signal
Events: 2213.26904185/2213.26904185
Efficiency:  1.0


-----------------------
FDM-signal
Events: 16773.1058598/16773.1058598
Efficiency:  1.0


-----------------------
BW1
Events: 57046.2818146/305975.511551
Efficiency:  0.186440677966


-----------------------
BW2+BW3-SDM
Events: 14.186435852/14.186435852
Efficiency:  1.0


-----------------------
BW2+BW3-FDM
Events: 1.24762336782/1.25802022922
Efficiency:  0.99173553719


-----------------------
BW4
Events: 271.969545633/417.667516507
Efficiency:  0.651162790698

APPLYING CUT 2: 
**************************
Ejj cut	[0,200]



-----------------------
SDM-signal
Events: 2213.26904185/2213.26904185
Efficiency:  1.0


-----------------------
FDM-signal
Events: 16773.1058598/16773.1058598
Efficiency:  1.0


-----------------------
BW1
Events: 44081.2177658/57046.2818146
Efficiency:  0.772727272727


-----------------------
BW2+BW3-SDM
Events: 14.186435852/14.186435852
Efficiency:  1.0


-----------------------
BW2+BW3-FDM
Events: 1.23722650642/1.24762336782
Efficiency:  0.991666666667


-----------------------
BW4
Events: 242.829951458/271.969545633
Efficiency:  0.892857142857



~~~~~~~~~~~~~~~~~~~~~~~~~~
TOTAL: 

SDM-signal: 
	Events: 2213.26904185/2213.26904185
	Efficiency: 1.0

FDM-signal: 
	Events: 16773.1058598/16773.1058598
	Efficiency: 1.0

BW1: 
	Events: 44081.2177658/305975.511551
	Efficiency: 0.14406779661

BW2+BW3-SDM: 
	Events: 14.186435852/14.186435852
	Efficiency: 1.0

BW2+BW3-FDM: 
	Events: 1.23722650642/1.25802022922
	Efficiency: 0.98347107438

BW4: 
	Events: 242.829951458/417.667516507
	Efficiency: 0.581395348837

~~~~~~~~~~~~~~~~~~~~~~~~~~



SIGNIFICANCES: 
SDM-signal: 
		s/sqrt(s+b): 10.2581100683
FDM-signal: 
		s/sqrt(s+b): 67.8576166479
